TN:
SF:src\components\Body.js
FN:8,(anonymous_0)
FN:15,(anonymous_1)
FN:19,(anonymous_2)
FN:55,(anonymous_3)
FN:61,(anonymous_4)
FN:62,(anonymous_5)
FN:74,(anonymous_6)
FN:76,(anonymous_7)
FN:89,(anonymous_8)
FN:94,(anonymous_9)
FNF:10
FNH:9
FNDA:7,(anonymous_0)
FNDA:2,(anonymous_1)
FNDA:2,(anonymous_2)
FNDA:1,(anonymous_3)
FNDA:1,(anonymous_4)
FNDA:20,(anonymous_5)
FNDA:1,(anonymous_6)
FNDA:20,(anonymous_7)
FNDA:0,(anonymous_8)
FNDA:79,(anonymous_9)
DA:8,1
DA:9,7
DA:10,7
DA:11,7
DA:13,7
DA:15,7
DA:16,2
DA:19,7
DA:20,2
DA:23,2
DA:25,2
DA:29,2
DA:34,7
DA:35,7
DA:36,0
DA:42,7
DA:44,7
DA:56,1
DA:62,1
DA:63,20
DA:65,1
DA:75,1
DA:76,20
DA:78,1
DA:89,0
DA:95,79
LF:26
LH:24
BRDA:35,0,0,0
BRDA:35,0,1,7
BRDA:44,1,0,2
BRDA:44,1,1,5
BRDA:96,2,0,29
BRDA:96,2,1,50
BRF:6
BRH:5
end_of_record
TN:
SF:src\components\Cart.js
FN:5,(anonymous_0)
FN:6,(anonymous_1)
FN:8,(anonymous_2)
FNF:3
FNH:3
FNDA:4,(anonymous_0)
FNDA:8,(anonymous_1)
FNDA:1,(anonymous_2)
DA:5,1
DA:6,8
DA:7,4
DA:8,4
DA:9,1
DA:11,4
LF:6
LH:6
BRDA:21,0,0,4
BRDA:21,0,1,2
BRF:2
BRH:2
end_of_record
TN:
SF:src\components\Contact.js
FN:3,(anonymous_0)
FNF:1
FNH:1
FNDA:4,(anonymous_0)
DA:3,1
DA:4,4
LF:2
LH:2
BRF:0
BRH:0
end_of_record
TN:
SF:src\components\Header.js
FN:8,(anonymous_0)
FN:12,(anonymous_1)
FN:47,(anonymous_2)
FNF:3
FNH:2
FNDA:4,(anonymous_0)
FNDA:8,(anonymous_1)
FNDA:0,(anonymous_2)
DA:8,1
DA:9,4
DA:10,4
DA:11,4
DA:12,8
DA:22,4
DA:48,0
LF:7
LH:6
BRDA:29,0,0,4
BRDA:29,0,1,0
BRDA:48,1,0,0
BRDA:48,1,1,0
BRF:4
BRH:1
end_of_record
TN:
SF:src\components\ItemList.js
FN:5,(anonymous_0)
FN:7,(anonymous_1)
FN:12,(anonymous_2)
FN:34,(anonymous_3)
FNF:4
FNH:4
FNDA:5,(anonymous_0)
FNDA:2,(anonymous_1)
FNDA:5,(anonymous_2)
FNDA:2,(anonymous_3)
DA:5,1
DA:6,5
DA:7,5
DA:8,2
DA:10,5
DA:13,5
DA:34,2
LF:7
LH:7
BRDA:23,0,0,0
BRDA:23,0,1,5
BRF:2
BRH:1
end_of_record
TN:
SF:src\components\ResturantCard.js
FN:3,(anonymous_0)
FN:26,(anonymous_1)
FN:27,(anonymous_2)
FNF:3
FNH:3
FNDA:81,(anonymous_0)
FNDA:8,(anonymous_1)
FNDA:30,(anonymous_2)
DA:3,2
DA:4,81
DA:6,81
DA:7,81
DA:26,2
DA:27,8
DA:28,30
LF:7
LH:7
BRF:0
BRH:0
end_of_record
TN:
SF:src\components\ResturantMenu.js
FN:7,(anonymous_0)
FN:22,(anonymous_1)
FN:33,(anonymous_2)
FN:39,(anonymous_3)
FNF:4
FNH:4
FNDA:3,(anonymous_0)
FNDA:34,(anonymous_1)
FNDA:12,(anonymous_2)
FNDA:1,(anonymous_3)
DA:7,1
DA:8,3
DA:9,3
DA:10,3
DA:12,3
DA:15,2
DA:18,2
DA:21,2
DA:23,34
DA:27,2
DA:34,12
DA:40,1
LF:12
LH:12
BRDA:12,0,0,1
BRDA:12,0,1,2
BRDA:40,1,0,0
BRDA:40,1,1,1
BRF:4
BRH:3
end_of_record
TN:
SF:src\utils\appStore.js
FNF:0
FNH:0
DA:4,1
LF:1
LH:1
BRF:0
BRH:0
end_of_record
